<?xml version="1.0" encoding="UTF-8"?>
<!-- Generated by org.testng.reporters.JUnitReportReporter -->
<testsuite hostname="INLN50940153A" name="com.deep.tester.NewTest" tests="1" failures="0" timestamp="24 Jul 2017 09:42:55 GMT" time="0.005" errors="0">
  <testcase name="f" time="0.005" classname="com.deep.tester.NewTest"/>
</testsuite> <!-- com.deep.tester.NewTest -->
