<?xml version="1.0" encoding="UTF-8"?>
<!-- Generated by org.testng.reporters.JUnitReportReporter -->
<testsuite hostname="INLN50940153A" name="com.deep.tester.TestNgExample" tests="1" failures="0" timestamp="24 Jul 2017 09:40:47 GMT" time="0.006" errors="0">
  <testcase name="f" time="0.006" classname="com.deep.tester.TestNgExample"/>
</testsuite> <!-- com.deep.tester.TestNgExample -->
